c:\users\hasee\documents\visual studio 2015\projects\mfcapplication3\mfcapplication3\debug\mfcapplication3.pch
c:\users\hasee\documents\visual studio 2015\projects\mfcapplication3\mfcapplication3\debug\vc140.pdb
c:\users\hasee\documents\visual studio 2015\projects\mfcapplication3\mfcapplication3\debug\vc140.idb
c:\users\hasee\documents\visual studio 2015\projects\mfcapplication3\mfcapplication3\debug\stdafx.obj
c:\users\hasee\documents\visual studio 2015\projects\mfcapplication3\mfcapplication3\debug\mfcapplication3.obj
c:\users\hasee\documents\visual studio 2015\projects\mfcapplication3\mfcapplication3\debug\mfcapplication3dlg.obj
c:\users\hasee\documents\visual studio 2015\projects\mfcapplication3\mfcapplication3\debug\stack.obj
c:\users\hasee\documents\visual studio 2015\projects\mfcapplication3\mfcapplication3\debug\stacknum.obj
c:\users\hasee\documents\visual studio 2015\projects\mfcapplication3\debug\mfcapplication3.ilk
c:\users\hasee\documents\visual studio 2015\projects\mfcapplication3\debug\mfcapplication3.exe
c:\users\hasee\documents\visual studio 2015\projects\mfcapplication3\debug\mfcapplication3.pdb
c:\users\hasee\documents\visual studio 2015\projects\mfcapplication3\mfcapplication3\debug\mfcapplication3.res
c:\users\hasee\documents\visual studio 2015\projects\mfcapplication3\mfcapplication3\debug\mfcapplication3.tlog\cl.command.1.tlog
c:\users\hasee\documents\visual studio 2015\projects\mfcapplication3\mfcapplication3\debug\mfcapplication3.tlog\cl.read.1.tlog
c:\users\hasee\documents\visual studio 2015\projects\mfcapplication3\mfcapplication3\debug\mfcapplication3.tlog\cl.write.1.tlog
c:\users\hasee\documents\visual studio 2015\projects\mfcapplication3\mfcapplication3\debug\mfcapplication3.tlog\link.command.1.tlog
c:\users\hasee\documents\visual studio 2015\projects\mfcapplication3\mfcapplication3\debug\mfcapplication3.tlog\link.read.1.tlog
c:\users\hasee\documents\visual studio 2015\projects\mfcapplication3\mfcapplication3\debug\mfcapplication3.tlog\link.write.1.tlog
c:\users\hasee\documents\visual studio 2015\projects\mfcapplication3\mfcapplication3\debug\mfcapplication3.tlog\rc.command.1.tlog
c:\users\hasee\documents\visual studio 2015\projects\mfcapplication3\mfcapplication3\debug\mfcapplication3.tlog\rc.read.1.tlog
c:\users\hasee\documents\visual studio 2015\projects\mfcapplication3\mfcapplication3\debug\mfcapplication3.tlog\rc.write.1.tlog
